[0319/101441.035:ERROR:crash_report_database_win.cc(428)] unexpected header
[0323/112722.624:ERROR:crash_report_database_win.cc(428)] unexpected header
[0324/101859.960:ERROR:crash_report_database_win.cc(428)] unexpected header
[0326/130604.782:ERROR:crash_report_database_win.cc(428)] unexpected header
[0331/114906.784:ERROR:crash_report_database_win.cc(428)] unexpected header
[0401/162825.962:ERROR:crash_report_database_win.cc(428)] unexpected header
[0406/163250.979:ERROR:crash_report_database_win.cc(428)] unexpected header
[0407/111528.013:ERROR:crash_report_database_win.cc(428)] unexpected header
[0407/114243.836:ERROR:crash_report_database_win.cc(428)] unexpected header
[0407/135217.185:ERROR:crash_report_database_win.cc(428)] unexpected header
[0407/140349.441:ERROR:crash_report_database_win.cc(428)] unexpected header
[0408/160254.272:ERROR:crash_report_database_win.cc(428)] unexpected header
[0408/183858.984:ERROR:crash_report_database_win.cc(428)] unexpected header
[0409/153128.090:ERROR:crash_report_database_win.cc(428)] unexpected header
[0411/145937.366:ERROR:crash_report_database_win.cc(428)] unexpected header
[0412/111802.534:ERROR:crash_report_database_win.cc(428)] unexpected header
[0412/120035.573:ERROR:crash_report_database_win.cc(428)] unexpected header
[0414/151856.615:ERROR:crash_report_database_win.cc(428)] unexpected header
[0414/192558.148:ERROR:crash_report_database_win.cc(428)] unexpected header
[0414/201327.355:ERROR:crash_report_database_win.cc(428)] unexpected header
[0414/205326.992:ERROR:crash_report_database_win.cc(428)] unexpected header
[0416/130316.513:ERROR:crash_report_database_win.cc(428)] unexpected header
[0416/173615.496:ERROR:crash_report_database_win.cc(428)] unexpected header
[0417/123802.667:ERROR:crash_report_database_win.cc(428)] unexpected header
[0418/153314.301:ERROR:crash_report_database_win.cc(428)] unexpected header
[0419/001313.298:ERROR:crash_report_database_win.cc(428)] unexpected header
[0419/021420.469:ERROR:crash_report_database_win.cc(428)] unexpected header
[0419/125205.479:ERROR:crash_report_database_win.cc(428)] unexpected header
[0420/001803.651:ERROR:crash_report_database_win.cc(428)] unexpected header
[0420/114249.834:ERROR:crash_report_database_win.cc(428)] unexpected header
[0420/180112.302:ERROR:crash_report_database_win.cc(428)] unexpected header
[0420/194805.568:ERROR:crash_report_database_win.cc(428)] unexpected header
[0421/005039.216:ERROR:crash_report_database_win.cc(428)] unexpected header
[0421/131223.656:ERROR:crash_report_database_win.cc(428)] unexpected header
[0422/144021.604:ERROR:crash_report_database_win.cc(428)] unexpected header
[0422/231622.266:ERROR:crash_report_database_win.cc(428)] unexpected header
[0424/105140.064:ERROR:crash_report_database_win.cc(428)] unexpected header
[0424/204503.557:ERROR:crash_report_database_win.cc(428)] unexpected header
[0425/012812.705:ERROR:crash_report_database_win.cc(428)] unexpected header
[0425/121004.244:ERROR:crash_report_database_win.cc(428)] unexpected header
[0427/162246.639:ERROR:crash_report_database_win.cc(428)] unexpected header
[0427/182218.680:ERROR:crash_report_database_win.cc(428)] unexpected header
[0428/162230.986:ERROR:crash_report_database_win.cc(428)] unexpected header
[0430/130012.312:ERROR:crash_report_database_win.cc(428)] unexpected header
<<<<<<< HEAD
[0503/151829.807:ERROR:crash_report_database_win.cc(428)] unexpected header
[0504/012955.053:ERROR:crash_report_database_win.cc(428)] unexpected header
[0504/160136.298:ERROR:crash_report_database_win.cc(428)] unexpected header
[0504/164956.805:ERROR:crash_report_database_win.cc(428)] unexpected header
<<<<<<< HEAD
[0505/115453.416:ERROR:crash_report_database_win.cc(428)] unexpected header
[0507/160602.352:ERROR:crash_report_database_win.cc(428)] unexpected header
=======
=======
[0430/193043.138:ERROR:crash_report_database_win.cc(428)] unexpected header
>>>>>>> 0244cd5b7789bebd720a7c6085bb30b26c02f6b0
>>>>>>> develop
[0508/135047.527:ERROR:crash_report_database_win.cc(428)] unexpected header
[0509/140010.819:ERROR:crash_report_database_win.cc(428)] unexpected header
[0509/143942.260:ERROR:crash_report_database_win.cc(428)] unexpected header
[0510/150413.497:ERROR:crash_report_database_win.cc(428)] unexpected header
[0510/175624.342:ERROR:crash_report_database_win.cc(428)] unexpected header
[0511/141622.666:ERROR:crash_report_database_win.cc(428)] unexpected header
<<<<<<< HEAD
[0512/150731.306:ERROR:crash_report_database_win.cc(428)] unexpected header
=======
[0513/150812.887:ERROR:crash_report_database_win.cc(428)] unexpected header
[0514/154025.018:ERROR:crash_report_database_win.cc(428)] unexpected header
[0515/015803.356:ERROR:crash_report_database_win.cc(428)] unexpected header
[0515/033146.732:ERROR:crash_report_database_win.cc(428)] unexpected header
[0515/142441.694:ERROR:crash_report_database_win.cc(428)] unexpected header
>>>>>>> feature/mapeamento
[0515/191931.831:ERROR:crash_report_database_win.cc(428)] unexpected header
[0516/120826.723:ERROR:crash_report_database_win.cc(428)] unexpected header
[0516/133450.561:ERROR:crash_report_database_win.cc(428)] unexpected header
[0516/174818.455:ERROR:crash_report_database_win.cc(428)] unexpected header
[0518/125334.481:ERROR:crash_report_database_win.cc(428)] unexpected header
[0519/110604.713:ERROR:crash_report_database_win.cc(428)] unexpected header
[0519/133804.693:ERROR:crash_report_database_win.cc(428)] unexpected header
[0520/003836.445:ERROR:crash_report_database_win.cc(428)] unexpected header
[0520/112456.748:ERROR:crash_report_database_win.cc(428)] unexpected header
[0521/130643.589:ERROR:crash_report_database_win.cc(428)] unexpected header
[0521/152544.457:ERROR:crash_report_database_win.cc(428)] unexpected header
[0521/212001.127:ERROR:crash_report_database_win.cc(428)] unexpected header
[0521/234406.116:ERROR:crash_report_database_win.cc(428)] unexpected header
[0522/113946.138:ERROR:crash_report_database_win.cc(428)] unexpected header
[0523/023356.587:ERROR:crash_report_database_win.cc(428)] unexpected header
[0523/185119.749:ERROR:crash_report_database_win.cc(428)] unexpected header
[0524/182630.782:ERROR:crash_report_database_win.cc(428)] unexpected header
